Auto-grader Configuration:
  blocks found in :	 auto_grade/blocks/
  normal deadline is:	 2024-09-16
 
=======================================================================
Testing submission: sb121.tar
Name: Stefan Boskovic, NetId: sb121	Date From Files: 2024-09-13

--- building executable ---
rm -f *.class
javac -g Main.java IRRow.java Parser.java Scanner.java
--- built executable; should be ready to run ---

Testing Correctness

	Holmes.i	0 correct lines identified as errors
			0 errors found, 9 expected
 
	T8k.i		0 correct lines identified as errors
			0 errors found, 0 expected
 
	parse.i		0 correct lines identified as errors
			0 errors found, 5 expected
 
	report1.i	0 correct lines identified as errors
			0 errors found, 0 expected
 
	report2.i	0 correct lines identified as errors
			0 errors found, 0 expected
 
	report3.i	0 correct lines identified as errors
			0 errors found, 0 expected
 
	scanner.i	0 correct lines identified as errors
			0 errors found, 2 expected
 
	-------------------------
	0 correct lines identified as errors
	16 lines with errors missed

Testing Conformance	(If we got this far, the tar file worked.)

	Produced 'file not found' message, but ERROR was not in uppercase (1)
	Produced 'ERROR' message on missing or bad file name
	Help message check found all options

Scoring (on the provided test blocks):

	Correctness:	0.0%
	Conformance:	87.5%

finished testing submission sb121.tar
=======================================================================

Grading run complete.

