Lab 1 Autotimer: using Scalability SLOCs blocks

Gathering operation counts with lab1_ref.

=======================================================================
Testing submission: sb121.tar
Name: Stefan Boskovic, NetID: sb121	Date From Files: 2024-09-13

--- building executable ---
rm -f *.class
javac -g Main.java IRRow.java Parser.java Scanner.java
--- built executable; should be ready to run ---

Testing Scalability:	(minimum time of 5 runs)

-->	Failed correctness check on block T128k.i
	Output from submission was:
	------------------------------
	 error: end of path to source file does not match its package name comp412lab1: Main.java

	------------------------------
-->	Failed correctness check on block T64k.i
	Output from submission was:
	------------------------------
	 error: end of path to source file does not match its package name comp412lab1: Main.java

	------------------------------
-->	Failed correctness check on block T32k.i
	Output from submission was:
	------------------------------
	 error: end of path to source file does not match its package name comp412lab1: Main.java

	------------------------------
-->	Failed correctness check on block T16k.i
	Output from submission was:
	------------------------------
	 error: end of path to source file does not match its package name comp412lab1: Main.java

	------------------------------
-->	Failed correctness check on block T8k.i
	Output from submission was:
	------------------------------
	 error: end of path to source file does not match its package name comp412lab1: Main.java

	------------------------------
-->	Failed correctness check on block T4k.i
	Output from submission was:
	------------------------------
	 error: end of path to source file does not match its package name comp412lab1: Main.java

	------------------------------
-->	Failed correctness check on block T2k.i
	Output from submission was:
	------------------------------
	 error: end of path to source file does not match its package name comp412lab1: Main.java

	------------------------------
-->	Failed correctness check on block T1k.i
	Output from submission was:
	------------------------------
	 error: end of path to source file does not match its package name comp412lab1: Main.java

	------------------------------
	T1k.i:  	60 seconds
	T2k.i:  	60 seconds
	T4k.i:  	60 seconds
	T8k.i:  	60 seconds
	T16k.i:  	60 seconds
	T32k.i:  	60 seconds
	T64k.i:  	60 seconds
	T128k.i:  	60 seconds
 
Scaling score is 	0.0
	Timing results need to be examined manually.

Efficiency score is 	0.0	( timed-out)

finished timing run on submission sb121.tar
=======================================================================

Timing run complete.

